[2026-06-13 12:05:06.647] [Info   ] [LoggingSystem       ] ScubaGear Logging Initialized - Level: Debug, Tracing: True, Transcript: False
[2026-06-13 12:05:06.658] [Debug  ] [AutoTrace           ] Automatic function tracing enabled - intercepting ScubaGear function calls
[2026-06-13 12:05:06.659] [Info   ] [LoggingSystem       ] Enhanced debug logging enabled - automatic function tracing active
[2026-06-13 12:05:06.660] [Info   ] [InvokeScuba         ] ScubaGear logging initialized
    Data: {"Version":"1.8.0","TranscriptEnabled":{"IsPresent":false},"Environment":"commercial","LogFolder":"C:\\dev\\scuba-poc\\scuba-output\\M365BaselineConformance_2026_06_13_12_05_06\\DebugLogs","OutputFolder":"C:\\dev\\scuba-poc\\scuba-output\\M365BaselineConformance_2026_06_13_12_05_06","ProductNames":"aad"}
[2026-06-13 12:05:06.678] [Info   ] [InvokeScuba         ] Cmdlet invocation captured
    Data: {"InvocationLine":"Invoke-SCuBA -ProductNames aad -OutPath \"C:\\dev\\scuba-poc\\scuba-output\"","Command":"Invoke-SCuBA","Parameters":{"OutPath":"C:\\dev\\scuba-poc\\scuba-output","ProductNames":["aad"]},"BoundParameterCount":2}
[2026-06-13 12:05:06.681] [Info   ] [InvokeScuba         ] Capturing environment diagnostics
[2026-06-13 12:05:06.708] [Debug  ] [RunDetails          ] Collecting system OS information...
[2026-06-13 12:05:06.876] [Info   ] [RunDetails          ] System OS Information captured
    Data: {"Build":"26200","Version":"10.0.26200","Architecture":"ARM 64-bit Processor","InstallDate":"2024-06-21 7:29:58 PM","LastBootUpTime":"2026-04-18 1:24:49 AM","OS":"Microsoft Windows 11 Home"}
[2026-06-13 12:05:06.876] [Debug  ] [RunDetails          ] Collecting PowerShell version information...
[2026-06-13 12:05:06.876] [Info   ] [RunDetails          ] PowerShell Version Information captured
    Data: {"PSEdition":"Desktop","WSManStackVersion":"3.0","BuildVersion":"10.0.26100.8246","PSVersion":"5.1.26100.8246","CLRVersion":"4.0.30319.42000","PSRemotingProtocolVersion":"2.3"}
[2026-06-13 12:05:06.876] [Debug  ] [RunDetails          ] Collecting ScubaGear version information...
[2026-06-13 12:05:06.920] [Info   ] [RunDetails          ] ScubaGear Version Information captured
    Data: {"InstallSource":"PowerShell Gallery","AllPaths":"C:\\Users\\claud\\OneDrive\\Documents\\WindowsPowerShell\\Modules\\ScubaGear\\1.8.0","InstalledDate":"2026-06-13","CurrentModulePath":"C:\\Users\\claud\\OneDrive\\Documents\\WindowsPowerShell\\Modules\\ScubaGear\\1.8.0","CurrentLoadedVersion":"1.8.0","InstalledCount":1,"PublishedDate":"2026-05-07","InstalledVersions":"1.8.0","GalleryRepository":"PSGallery","GalleryVersion":"1.8.0"}
[2026-06-13 12:05:06.922] [Debug  ] [RunDetails          ] Collecting PowerShell module information...
[2026-06-13 12:05:09.289] [Info   ] [RunDetails          ] PowerShell modules captured (excluding System32)
    Data: {"UniqueModules":10,"TopModules":"ExchangeOnlineManagement (3.9.2); Microsoft.Graph.Authentication (2.25.0); MicrosoftTeams (7.7.0); powershell-yaml (0.4.12); ScubaGear (1.8.0); Microsoft.PowerShell.Operation.Validation (1.0.1); PackageManagement (1.0.0.1); Pester (3.4.0); PowerShellGet (1.0.0.1); PSReadLine (2.0.0)","TotalModulesFound":10}
[2026-06-13 12:05:09.306] [Debug  ] [RunDetails          ] Loaded 4 required dependencies from RequiredVersions.ps1
[2026-06-13 12:05:09.315] [Debug  ] [RunDetails          ] Required dependency: MicrosoftTeams
    Data: {"Module":"MicrosoftTeams","Path":"C:\\Users\\claud\\OneDrive\\Documents\\WindowsPowerShell\\Modules\\MicrosoftTeams\\7.7.0","Version":"7.7.0"}
[2026-06-13 12:05:09.317] [Debug  ] [RunDetails          ] Required dependency: ExchangeOnlineManagement
    Data: {"Module":"ExchangeOnlineManagement","Path":"C:\\Users\\claud\\OneDrive\\Documents\\WindowsPowerShell\\Modules\\ExchangeOnlineManagement\\3.9.2","Version":"3.9.2"}
[2026-06-13 12:05:09.318] [Debug  ] [RunDetails          ] Required dependency: Microsoft.Graph.Authentication
    Data: {"Module":"Microsoft.Graph.Authentication","Path":"C:\\Users\\claud\\OneDrive\\Documents\\WindowsPowerShell\\Modules\\Microsoft.Graph.Authentication\\2.25.0","Version":"2.25.0"}
[2026-06-13 12:05:09.320] [Debug  ] [RunDetails          ] Required dependency: powershell-yaml
    Data: {"Module":"powershell-yaml","Path":"C:\\Users\\claud\\OneDrive\\Documents\\WindowsPowerShell\\Modules\\powershell-yaml\\0.4.12","Version":"0.4.12"}
[2026-06-13 12:05:09.321] [Debug  ] [RunDetails          ] Collecting OPA executable information...
[2026-06-13 12:05:10.875] [Info   ] [RunDetails          ] OPA Executable found: opa_windows_amd64.exe
    Data: {"Path":"C:\\Users\\claud\\.scubagear\\Tools\\opa_windows_amd64.exe","FileName":"opa_windows_amd64.exe","Version":"Version: 1.15.2","LastModified":"2026-04-08 9:25:04 AM","SizeMB":87.08,"Attributes":"Archive"}
[2026-06-13 12:05:10.878] [Debug  ] [RunDetails          ] Checking configured OPAPath...
[2026-06-13 12:05:11.027] [Info   ] [RunDetails          ] OPA Executable at configured path
    Data: {"Version":"Version: 1.15.2","ResolvedPath":"C:\\Users\\claud\\.scubagear\\Tools\\opa_windows_amd64.exe","ConfiguredOPAPath":"C:\\Users\\claud\\.scubagear\\Tools","FoundAtConfiguredPath":true,"SizeMB":87.08}
[2026-06-13 12:05:11.029] [Debug  ] [RunDetails          ] Checking network connectivity...
[2026-06-13 12:05:11.624] [Info   ] [RunDetails          ] Network connectivity status captured
    Data: {"InternetConnected":true,"DNSResolution":true,"DNSResult":"23.192.53.222","ProxyDetected":false,"TestTarget":"www.microsoft.com"}
[2026-06-13 12:05:11.626] [Debug  ] [RunDetails          ] Capturing current command invocation...
[2026-06-13 12:05:11.643] [Info   ] [RunDetails          ] Command invocation details captured
    Data: {"CommandLine":"Get-ScubaRunDetails -IncludeLoadedModules -IncludeErrors -ConfiguredOPAPath $ScubaConfig.OPAPath -ErrorAction Stop","RecentScubaCommands":"Reset-ScubaGearDependencies | (Get-Module ScubaGear).Path | Import-Module \"C:\\Tools\\ScubaGear\\PowerShell\\ScubaGear\\ScubaGear.psd1\" -Force","BoundParameters":"IncludeLoadedModules=True; IncludeErrors=True; ConfiguredOPAPath=C:\\Users\\claud\\.scubagear\\Tools; ErrorAction=Stop","CalledFrom":"Invoke-SCuBA","WorkingDirectory":"C:\\Users\\claud","CurrentFunction":"Get-ScubaRunDetails","ScriptName":"C:\\Tools\\ScubaGear\\PowerShell\\ScubaGear\\Modules\\Orchestrator.psm1","ScriptLineNumber":502}
[2026-06-13 12:05:11.645] [Debug  ] [RunDetails          ] Collecting loaded modules from memory...
[2026-06-13 12:05:11.646] [Info   ] [RunDetails          ] Loaded modules summary
    Data: {"ModuleNames":"CheckVersion, CheckVersion, CimCmdlets, Dependencies, Dependencies, DnsClient, Microsoft.PowerShell.Management, Microsoft.PowerShell.Utility, NetTCPIP, PackageManagement, PowerShellGet, PSReadLine, RaiseFunctionCap, RaiseFunctionCap, ScubaGear, ScubaGear, Support, Support","TotalLoadedModules":18}
[2026-06-13 12:05:11.649] [Debug  ] [RunDetails          ] Detailed loaded module information:
[2026-06-13 12:05:11.652] [Debug  ] [RunDetails          ] Loaded module: CheckVersion
    Data: {"Path":"C:\\Users\\claud\\OneDrive\\Documents\\WindowsPowerShell\\Modules\\ScubaGear\\1.8.0\\CheckVersion.ps1","ModuleType":"Script","Name":"CheckVersion","Version":"0.0"}
[2026-06-13 12:05:11.653] [Debug  ] [RunDetails          ] Loaded module: CheckVersion
    Data: {"Path":"C:\\Tools\\ScubaGear\\PowerShell\\ScubaGear\\CheckVersion.ps1","ModuleType":"Script","Name":"CheckVersion","Version":"0.0"}
[2026-06-13 12:05:11.655] [Debug  ] [RunDetails          ] Loaded module: CimCmdlets
    Data: {"Path":"C:\\Windows\\Microsoft.Net\\assembly\\GAC_MSIL\\Microsoft.Management.Infrastructure.CimCmdlets\\v4.0_1.0.0.0__31bf3856ad364e35\\Microsoft.Management.Infrastructure.CimCmdlets.dll","ModuleType":"Binary","Name":"CimCmdlets","Version":"1.0.0.0"}
[2026-06-13 12:05:11.656] [Debug  ] [RunDetails          ] Loaded module: Dependencies
    Data: {"Path":"C:\\Users\\claud\\OneDrive\\Documents\\WindowsPowerShell\\Modules\\ScubaGear\\1.8.0\\Dependencies.ps1","ModuleType":"Script","Name":"Dependencies","Version":"0.0"}
[2026-06-13 12:05:11.656] [Debug  ] [RunDetails          ] Loaded module: Dependencies
    Data: {"Path":"C:\\Tools\\ScubaGear\\PowerShell\\ScubaGear\\Dependencies.ps1","ModuleType":"Script","Name":"Dependencies","Version":"0.0"}
[2026-06-13 12:05:11.658] [Debug  ] [RunDetails          ] Loaded module: DnsClient
    Data: {"Path":"C:\\Windows\\system32\\WindowsPowerShell\\v1.0\\Modules\\DnsClient\\DnsClient.psd1","ModuleType":"Manifest","Name":"DnsClient","Version":"1.0.0.0"}
[2026-06-13 12:05:11.659] [Debug  ] [RunDetails          ] Loaded module: Microsoft.PowerShell.Management
    Data: {"Path":"C:\\Windows\\system32\\WindowsPowerShell\\v1.0\\Modules\\Microsoft.PowerShell.Management\\Microsoft.PowerShell.Management.psd1","ModuleType":"Manifest","Name":"Microsoft.PowerShell.Management","Version":"3.1.0.0"}
[2026-06-13 12:05:11.661] [Debug  ] [RunDetails          ] Loaded module: Microsoft.PowerShell.Utility
    Data: {"Path":"C:\\Windows\\system32\\WindowsPowerShell\\v1.0\\Modules\\Microsoft.PowerShell.Utility\\Microsoft.PowerShell.Utility.psd1","ModuleType":"Manifest","Name":"Microsoft.PowerShell.Utility","Version":"3.1.0.0"}
[2026-06-13 12:05:11.662] [Debug  ] [RunDetails          ] Loaded module: NetTCPIP
    Data: {"Path":"C:\\Windows\\system32\\WindowsPowerShell\\v1.0\\Modules\\NetTCPIP\\NetTCPIP.psd1","ModuleType":"Manifest","Name":"NetTCPIP","Version":"1.0.0.0"}
[2026-06-13 12:05:11.663] [Debug  ] [RunDetails          ] Loaded module: PackageManagement
    Data: {"Path":"C:\\Program Files\\WindowsPowerShell\\Modules\\PackageManagement\\1.0.0.1\\Microsoft.PowerShell.PackageManagement.dll","ModuleType":"Binary","Name":"PackageManagement","Version":"1.0.0.1"}
[2026-06-13 12:05:11.663] [Debug  ] [RunDetails          ] Loaded module: PowerShellGet
    Data: {"Path":"C:\\Program Files\\WindowsPowerShell\\Modules\\PowerShellGet\\1.0.0.1\\PSModule.psm1","ModuleType":"Script","Name":"PowerShellGet","Version":"1.0.0.1"}
[2026-06-13 12:05:11.663] [Debug  ] [RunDetails          ] Loaded module: PSReadLine
    Data: {"Path":"C:\\Program Files\\WindowsPowerShell\\Modules\\PSReadLine\\2.0.0\\PSReadLine.psm1","ModuleType":"Script","Name":"PSReadLine","Version":"2.0.0"}
[2026-06-13 12:05:11.665] [Debug  ] [RunDetails          ] Loaded module: RaiseFunctionCap
    Data: {"Path":"C:\\Users\\claud\\OneDrive\\Documents\\WindowsPowerShell\\Modules\\ScubaGear\\1.8.0\\RaiseFunctionCap.ps1","ModuleType":"Script","Name":"RaiseFunctionCap","Version":"0.0"}
[2026-06-13 12:05:11.665] [Debug  ] [RunDetails          ] Loaded module: RaiseFunctionCap
    Data: {"Path":"C:\\Tools\\ScubaGear\\PowerShell\\ScubaGear\\RaiseFunctionCap.ps1","ModuleType":"Script","Name":"RaiseFunctionCap","Version":"0.0"}
[2026-06-13 12:05:11.665] [Debug  ] [RunDetails          ] Loaded module: ScubaGear
    Data: {"Path":"C:\\Users\\claud\\OneDrive\\Documents\\WindowsPowerShell\\Modules\\ScubaGear\\1.8.0\\ScubaGear.psm1","ModuleType":"Script","Name":"ScubaGear","Version":"1.8.0"}
[2026-06-13 12:05:11.665] [Debug  ] [RunDetails          ] Loaded module: ScubaGear
    Data: {"Path":"C:\\Tools\\ScubaGear\\PowerShell\\ScubaGear\\ScubaGear.psm1","ModuleType":"Script","Name":"ScubaGear","Version":"1.8.0"}
[2026-06-13 12:05:11.667] [Debug  ] [RunDetails          ] Loaded module: Support
    Data: {"Path":"C:\\Users\\claud\\OneDrive\\Documents\\WindowsPowerShell\\Modules\\ScubaGear\\1.8.0\\Modules\\Support\\Support.psm1","ModuleType":"Script","Name":"Support","Version":"0.0"}
[2026-06-13 12:05:11.667] [Debug  ] [RunDetails          ] Loaded module: Support
    Data: {"Path":"C:\\Tools\\ScubaGear\\PowerShell\\ScubaGear\\Modules\\Support\\Support.psm1","ModuleType":"Script","Name":"Support","Version":"0.0"}
[2026-06-13 12:05:11.691] [Info   ] [RunDetails          ] ScubaGear-related modules currently loaded in memory
    Data: {"Modules":"ScubaGear (1.8.0); ScubaGear (1.8.0)","ModulePaths":"ScubaGear=C:\\Users\\claud\\OneDrive\\Documents\\WindowsPowerShell\\Modules\\ScubaGear\\1.8.0; ScubaGear=C:\\Tools\\ScubaGear\\PowerShell\\ScubaGear","Count":2}
[2026-06-13 12:05:11.694] [Debug  ] [RunDetails          ] Collecting recent PowerShell errors...
[2026-06-13 12:05:11.694] [Info   ] [RunDetails          ] No recent errors found in $Error variable
[2026-06-13 12:05:11.695] [Debug  ] [ModuleSnapshot      ] Capturing module snapshot: InitialLoad
[2026-06-13 12:05:11.710] [Debug  ] [ModuleSnapshot      ] Loaded 4 module names from RequiredVersions.ps1
[2026-06-13 12:05:11.713] [Info   ] [ModuleSnapshot      ] Module snapshot 'InitialLoad' captured: 2 module(s)
    Data: {"SnapshotName":"InitialLoad","ModulePathsSummary":"ScubaGear=C:\\Users\\claud\\OneDrive\\Documents\\WindowsPowerShell\\Modules\\ScubaGear\\1.8.0; ScubaGear=C:\\Tools\\ScubaGear\\PowerShell\\ScubaGear","ModulePaths":["ScubaGear=C:\\Users\\claud\\OneDrive\\Documents\\WindowsPowerShell\\Modules\\ScubaGear\\1.8.0","ScubaGear=C:\\Tools\\ScubaGear\\PowerShell\\ScubaGear"],"ModuleCount":2,"ModuleSummary":"ScubaGear (1.8.0); ScubaGear (1.8.0)","Modules":["ScubaGear (1.8.0)","ScubaGear (1.8.0)"]}
[2026-06-13 12:05:11.717] [Info   ] [InvokeScuba         ] Starting product authentication...
    Data: {"ProductNames":"aad","M365Environment":"commercial","UsesServicePrincipal":false}
[2026-06-13 12:05:13.495] [Debug  ] [ModuleSnapshot      ] Capturing module snapshot: PostAuthentication
[2026-06-13 12:05:13.511] [Debug  ] [ModuleSnapshot      ] Loaded 4 module names from RequiredVersions.ps1
[2026-06-13 12:05:13.513] [Info   ] [ModuleSnapshot      ] Module snapshot 'PostAuthentication' captured: 3 module(s)
    Data: {"SnapshotName":"PostAuthentication","ModulePathsSummary":"Microsoft.Graph.Authentication=C:\\Users\\claud\\OneDrive\\Documents\\WindowsPowerShell\\Modules\\Microsoft.Graph.Authentication\\2.25.0; ScubaGear=C:\\Users\\claud\\OneDrive\\Documents\\WindowsPowerShell\\Modules\\ScubaGear\\1.8.0; ScubaGear=C:\\Tools\\ScubaGear\\PowerShell\\ScubaGear","ModulePaths":["Microsoft.Graph.Authentication=C:\\Users\\claud\\OneDrive\\Documents\\WindowsPowerShell\\Modules\\Microsoft.Graph.Authentication\\2.25.0","ScubaGear=C:\\Users\\claud\\OneDrive\\Documents\\WindowsPowerShell\\Modules\\ScubaGear\\1.8.0","ScubaGear=C:\\Tools\\ScubaGear\\PowerShell\\ScubaGear"],"ModuleCount":3,"ModuleSummary":"Microsoft.Graph.Authentication (2.25.0); ScubaGear (1.8.0); ScubaGear (1.8.0)","Modules":["Microsoft.Graph.Authentication (2.25.0)","ScubaGear (1.8.0)","ScubaGear (1.8.0)"]}
[2026-06-13 12:05:13.516] [Info   ] [InvokeScuba         ] Retrieving tenant details...
    Data: {"ProductNames":"aad","M365Environment":"commercial"}
[2026-06-13 12:05:14.075] [Debug  ] [InvokeScuba         ] Tenant details retrieved successfully
[2026-06-13 12:05:14.093] [Info   ] [InvokeScuba         ] Starting provider execution...
    Data: {"ModuleVersion":"1.8.0","ProductNames":"aad","Guid":"bb51eb7e-ede7-47cd-837c-28385fe1e0c7"}
[2026-06-13 12:05:14.111] [Debug  ] [FunctionTrace       ] ENTER: Invoke-ProviderList
    Data: {"ModuleVersion":"1.8.0","ScubaConfig":"[ScubaConfig Object]","OutFolderPath":"C:\\dev\\scuba-poc\\scuba-output\\M365BaselineConformance_2026_06_13_12_05_06","Guid":"bb51eb7e-ede7-47cd-837c-28385fe1e0c7","TenantDetails":"[TenantDetails Object]"}
[2026-06-13 12:05:14.128] [Debug  ] [ProviderList        ] Starting provider export: AAD
    Data: {"Total":3,"N":1,"Product":"aad"}
[2026-06-13 12:05:14.358] [Warning] [ProviderList        ] Error running command
    Data: {"Error":"Response status code does not indicate success: BadRequest (Bad Request).","Command":"Get-MgBetaIdentityConditionalAccessPolicy","StackTrace":"at Invoke-GraphDirectly, C:\\Tools\\ScubaGear\\PowerShell\\ScubaGear\\Modules\\Utility\\Utility.psm1: line 257\r\nat TryCommand, C:\\Tools\\ScubaGear\\PowerShell\\ScubaGear\\Modules\\Providers\\ProviderHelpers\\CommandTracker.psm1: line 47\r\nat Export-AADProvider, C:\\Tools\\ScubaGear\\PowerShell\\ScubaGear\\Modules\\Providers\\ExportAADProvider.psm1: line 25\r\nat Invoke-ProviderList\u003cProcess\u003e, C:\\Tools\\ScubaGear\\PowerShell\\ScubaGear\\Modules\\Orchestrator.psm1: line 829\r\nat \u003cScriptBlock\u003e, C:\\Tools\\ScubaGear\\PowerShell\\ScubaGear\\Modules\\Orchestrator.psm1: line 591\r\nat Trace-ScubaFunction, C:\\Tools\\ScubaGear\\PowerShell\\ScubaGear\\Modules\\Utility\\ScubaLogging.psm1: line 345\r\nat Invoke-SCuBA\u003cProcess\u003e, C:\\Tools\\ScubaGear\\PowerShell\\ScubaGear\\Modules\\Orchestrator.psm1: line 584\r\nat \u003cScriptBlock\u003e, \u003cNo file\u003e: line 1"}
[2026-06-13 12:05:14.473] [Warning] [ProviderList        ] Error running command
    Data: {"Error":"Response status code does not indicate success: BadRequest (Bad Request).","Command":"Get-MgBetaSubscribedSku","StackTrace":"at Invoke-GraphDirectly, C:\\Tools\\ScubaGear\\PowerShell\\ScubaGear\\Modules\\Utility\\Utility.psm1: line 257\r\nat TryCommand, C:\\Tools\\ScubaGear\\PowerShell\\ScubaGear\\Modules\\Providers\\ProviderHelpers\\CommandTracker.psm1: line 47\r\nat Export-AADProvider, C:\\Tools\\ScubaGear\\PowerShell\\ScubaGear\\Modules\\Providers\\ExportAADProvider.psm1: line 48\r\nat Invoke-ProviderList\u003cProcess\u003e, C:\\Tools\\ScubaGear\\PowerShell\\ScubaGear\\Modules\\Orchestrator.psm1: line 829\r\nat \u003cScriptBlock\u003e, C:\\Tools\\ScubaGear\\PowerShell\\ScubaGear\\Modules\\Orchestrator.psm1: line 591\r\nat Trace-ScubaFunction, C:\\Tools\\ScubaGear\\PowerShell\\ScubaGear\\Modules\\Utility\\ScubaLogging.psm1: line 345\r\nat Invoke-SCuBA\u003cProcess\u003e, C:\\Tools\\ScubaGear\\PowerShell\\ScubaGear\\Modules\\Orchestrator.psm1: line 584\r\nat \u003cScriptBlock\u003e, \u003cNo file\u003e: line 1"}
[2026-06-13 12:05:14.676] [Warning] [ProviderList        ] Error running command
    Data: {"Error":"Response status code does not indicate success: NotFound (Not Found).","Command":"Get-MgBetaUserCount","StackTrace":"at Invoke-GraphDirectly, C:\\Tools\\ScubaGear\\PowerShell\\ScubaGear\\Modules\\Utility\\Utility.psm1: line 257\r\nat TryCommand, C:\\Tools\\ScubaGear\\PowerShell\\ScubaGear\\Modules\\Providers\\ProviderHelpers\\CommandTracker.psm1: line 47\r\nat Export-AADProvider, C:\\Tools\\ScubaGear\\PowerShell\\ScubaGear\\Modules\\Providers\\ExportAADProvider.psm1: line 119\r\nat Invoke-ProviderList\u003cProcess\u003e, C:\\Tools\\ScubaGear\\PowerShell\\ScubaGear\\Modules\\Orchestrator.psm1: line 829\r\nat \u003cScriptBlock\u003e, C:\\Tools\\ScubaGear\\PowerShell\\ScubaGear\\Modules\\Orchestrator.psm1: line 591\r\nat Trace-ScubaFunction, C:\\Tools\\ScubaGear\\PowerShell\\ScubaGear\\Modules\\Utility\\ScubaLogging.psm1: line 345\r\nat Invoke-SCuBA\u003cProcess\u003e, C:\\Tools\\ScubaGear\\PowerShell\\ScubaGear\\Modules\\Orchestrator.psm1: line 584\r\nat \u003cScriptBlock\u003e, \u003cNo file\u003e: line 1"}
[2026-06-13 12:05:14.754] [Warning] [ProviderList        ] Error running command
    Data: {"Error":"Response status code does not indicate success: BadRequest (Bad Request).","Command":"Get-MgBetaPolicyAuthorizationPolicy","StackTrace":"at Invoke-GraphDirectly, C:\\Tools\\ScubaGear\\PowerShell\\ScubaGear\\Modules\\Utility\\Utility.psm1: line 257\r\nat TryCommand, C:\\Tools\\ScubaGear\\PowerShell\\ScubaGear\\Modules\\Providers\\ProviderHelpers\\CommandTracker.psm1: line 47\r\nat Export-AADProvider, C:\\Tools\\ScubaGear\\PowerShell\\ScubaGear\\Modules\\Providers\\ExportAADProvider.psm1: line 127\r\nat Invoke-ProviderList\u003cProcess\u003e, C:\\Tools\\ScubaGear\\PowerShell\\ScubaGear\\Modules\\Orchestrator.psm1: line 829\r\nat \u003cScriptBlock\u003e, C:\\Tools\\ScubaGear\\PowerShell\\ScubaGear\\Modules\\Orchestrator.psm1: line 591\r\nat Trace-ScubaFunction, C:\\Tools\\ScubaGear\\PowerShell\\ScubaGear\\Modules\\Utility\\ScubaLogging.psm1: line 345\r\nat Invoke-SCuBA\u003cProcess\u003e, C:\\Tools\\ScubaGear\\PowerShell\\ScubaGear\\Modules\\Orchestrator.psm1: line 584\r\nat \u003cScriptBlock\u003e, \u003cNo file\u003e: line 1"}
[2026-06-13 12:05:14.821] [Warning] [ProviderList        ] Error running command
    Data: {"Error":"Response status code does not indicate success: BadRequest (Bad Request).","Command":"Get-MgBetaDirectorySetting","StackTrace":"at Invoke-GraphDirectly, C:\\Tools\\ScubaGear\\PowerShell\\ScubaGear\\Modules\\Utility\\Utility.psm1: line 257\r\nat TryCommand, C:\\Tools\\ScubaGear\\PowerShell\\ScubaGear\\Modules\\Providers\\ProviderHelpers\\CommandTracker.psm1: line 47\r\nat Export-AADProvider, C:\\Tools\\ScubaGear\\PowerShell\\ScubaGear\\Modules\\Providers\\ExportAADProvider.psm1: line 130\r\nat Invoke-ProviderList\u003cProcess\u003e, C:\\Tools\\ScubaGear\\PowerShell\\ScubaGear\\Modules\\Orchestrator.psm1: line 829\r\nat \u003cScriptBlock\u003e, C:\\Tools\\ScubaGear\\PowerShell\\ScubaGear\\Modules\\Orchestrator.psm1: line 591\r\nat Trace-ScubaFunction, C:\\Tools\\ScubaGear\\PowerShell\\ScubaGear\\Modules\\Utility\\ScubaLogging.psm1: line 345\r\nat Invoke-SCuBA\u003cProcess\u003e, C:\\Tools\\ScubaGear\\PowerShell\\ScubaGear\\Modules\\Orchestrator.psm1: line 584\r\nat \u003cScriptBlock\u003e, \u003cNo file\u003e: line 1"}
[2026-06-13 12:05:14.907] [Warning] [ProviderList        ] Error running command
    Data: {"Error":"Response status code does not indicate success: BadRequest (Bad Request).","Command":"Get-MgBetaPolicyAuthenticationMethodPolicy","StackTrace":"at Invoke-GraphDirectly, C:\\Tools\\ScubaGear\\PowerShell\\ScubaGear\\Modules\\Utility\\Utility.psm1: line 257\r\nat TryCommand, C:\\Tools\\ScubaGear\\PowerShell\\ScubaGear\\Modules\\Providers\\ProviderHelpers\\CommandTracker.psm1: line 47\r\nat Export-AADProvider, C:\\Tools\\ScubaGear\\PowerShell\\ScubaGear\\Modules\\Providers\\ExportAADProvider.psm1: line 133\r\nat Invoke-ProviderList\u003cProcess\u003e, C:\\Tools\\ScubaGear\\PowerShell\\ScubaGear\\Modules\\Orchestrator.psm1: line 829\r\nat \u003cScriptBlock\u003e, C:\\Tools\\ScubaGear\\PowerShell\\ScubaGear\\Modules\\Orchestrator.psm1: line 591\r\nat Trace-ScubaFunction, C:\\Tools\\ScubaGear\\PowerShell\\ScubaGear\\Modules\\Utility\\ScubaLogging.psm1: line 345\r\nat Invoke-SCuBA\u003cProcess\u003e, C:\\Tools\\ScubaGear\\PowerShell\\ScubaGear\\Modules\\Orchestrator.psm1: line 584\r\nat \u003cScriptBlock\u003e, \u003cNo file\u003e: line 1"}
[2026-06-13 12:05:15.001] [Warning] [ProviderList        ] Error running command
    Data: {"Error":"Response status code does not indicate success: BadRequest (Bad Request).","Command":"Get-MgBetaDomain","StackTrace":"at Invoke-GraphDirectly, C:\\Tools\\ScubaGear\\PowerShell\\ScubaGear\\Modules\\Utility\\Utility.psm1: line 257\r\nat TryCommand, C:\\Tools\\ScubaGear\\PowerShell\\ScubaGear\\Modules\\Providers\\ProviderHelpers\\CommandTracker.psm1: line 47\r\nat Export-AADProvider, C:\\Tools\\ScubaGear\\PowerShell\\ScubaGear\\Modules\\Providers\\ExportAADProvider.psm1: line 151\r\nat Invoke-ProviderList\u003cProcess\u003e, C:\\Tools\\ScubaGear\\PowerShell\\ScubaGear\\Modules\\Orchestrator.psm1: line 829\r\nat \u003cScriptBlock\u003e, C:\\Tools\\ScubaGear\\PowerShell\\ScubaGear\\Modules\\Orchestrator.psm1: line 591\r\nat Trace-ScubaFunction, C:\\Tools\\ScubaGear\\PowerShell\\ScubaGear\\Modules\\Utility\\ScubaLogging.psm1: line 345\r\nat Invoke-SCuBA\u003cProcess\u003e, C:\\Tools\\ScubaGear\\PowerShell\\ScubaGear\\Modules\\Orchestrator.psm1: line 584\r\nat \u003cScriptBlock\u003e, \u003cNo file\u003e: line 1"}
[2026-06-13 12:05:16.008] [Warning] [ProviderList        ] Error running command
    Data: {"Error":"Response status code does not indicate success: Forbidden (Forbidden).","Command":"Get-ApplicationsWithRiskyPermissions","StackTrace":"at Invoke-GraphDirectly, C:\\Tools\\ScubaGear\\PowerShell\\ScubaGear\\Modules\\Utility\\Utility.psm1: line 257\r\nat Get-ApplicationsWithRiskyPermissions\u003cProcess\u003e, C:\\Tools\\ScubaGear\\PowerShell\\ScubaGear\\Modules\\Providers\\ProviderHelpers\\AADRiskyPermissionsHelper.psm1: line 205\r\nat TryCommand, C:\\Tools\\ScubaGear\\PowerShell\\ScubaGear\\Modules\\Providers\\ProviderHelpers\\CommandTracker.psm1: line 57\r\nat Export-AADProvider, C:\\Tools\\ScubaGear\\PowerShell\\ScubaGear\\Modules\\Providers\\ExportAADProvider.psm1: line 161\r\nat Invoke-ProviderList\u003cProcess\u003e, C:\\Tools\\ScubaGear\\PowerShell\\ScubaGear\\Modules\\Orchestrator.psm1: line 829\r\nat \u003cScriptBlock\u003e, C:\\Tools\\ScubaGear\\PowerShell\\ScubaGear\\Modules\\Orchestrator.psm1: line 591\r\nat Trace-ScubaFunction, C:\\Tools\\ScubaGear\\PowerShell\\ScubaGear\\Modules\\Utility\\ScubaLogging.psm1: line 345\r\nat Invoke-SCuBA\u003cProcess\u003e, C:\\Tools\\ScubaGear\\PowerShell\\ScubaGear\\Modules\\Orchestrator.psm1: line 584\r\nat \u003cScriptBlock\u003e, \u003cNo file\u003e: line 1"}
[2026-06-13 12:05:16.163] [Warning] [ProviderList        ] Error running command
    Data: {"Error":"Response status code does not indicate success: BadRequest (Bad Request).","Command":"Get-ServicePrincipalsWithRiskyPermissions","StackTrace":"at Invoke-GraphDirectly, C:\\Tools\\ScubaGear\\PowerShell\\ScubaGear\\Modules\\Utility\\Utility.psm1: line 257\r\nat Get-ServicePrincipalsWithRiskyPermissions\u003cProcess\u003e, C:\\Tools\\ScubaGear\\PowerShell\\ScubaGear\\Modules\\Providers\\ProviderHelpers\\AADRiskyPermissionsHelper.psm1: line 328\r\nat TryCommand, C:\\Tools\\ScubaGear\\PowerShell\\ScubaGear\\Modules\\Providers\\ProviderHelpers\\CommandTracker.psm1: line 57\r\nat Export-AADProvider, C:\\Tools\\ScubaGear\\PowerShell\\ScubaGear\\Modules\\Providers\\ExportAADProvider.psm1: line 165\r\nat Invoke-ProviderList\u003cProcess\u003e, C:\\Tools\\ScubaGear\\PowerShell\\ScubaGear\\Modules\\Orchestrator.psm1: line 829\r\nat \u003cScriptBlock\u003e, C:\\Tools\\ScubaGear\\PowerShell\\ScubaGear\\Modules\\Orchestrator.psm1: line 591\r\nat Trace-ScubaFunction, C:\\Tools\\ScubaGear\\PowerShell\\ScubaGear\\Modules\\Utility\\ScubaLogging.psm1: line 345\r\nat Invoke-SCuBA\u003cProcess\u003e, C:\\Tools\\ScubaGear\\PowerShell\\ScubaGear\\Modules\\Orchestrator.psm1: line 584\r\nat \u003cScriptBlock\u003e, \u003cNo file\u003e: line 1"}
[2026-06-13 12:05:16.295] [Warning] [ProviderList        ] Error running command
    Data: {"Error":"Response status code does not indicate success: BadRequest (Bad Request).","Command":"Get-LegacyExchangeServicePrincipal","StackTrace":"at Invoke-GraphDirectly, C:\\Tools\\ScubaGear\\PowerShell\\ScubaGear\\Modules\\Utility\\Utility.psm1: line 257\r\nat Get-LegacyExchangeServicePrincipal\u003cProcess\u003e, C:\\Tools\\ScubaGear\\PowerShell\\ScubaGear\\Modules\\Providers\\ProviderHelpers\\AADHybridExchangeHelper.psm1: line 72\r\nat TryCommand, C:\\Tools\\ScubaGear\\PowerShell\\ScubaGear\\Modules\\Providers\\ProviderHelpers\\CommandTracker.psm1: line 57\r\nat Export-AADProvider, C:\\Tools\\ScubaGear\\PowerShell\\ScubaGear\\Modules\\Providers\\ExportAADProvider.psm1: line 210\r\nat Invoke-ProviderList\u003cProcess\u003e, C:\\Tools\\ScubaGear\\PowerShell\\ScubaGear\\Modules\\Orchestrator.psm1: line 829\r\nat \u003cScriptBlock\u003e, C:\\Tools\\ScubaGear\\PowerShell\\ScubaGear\\Modules\\Orchestrator.psm1: line 591\r\nat Trace-ScubaFunction, C:\\Tools\\ScubaGear\\PowerShell\\ScubaGear\\Modules\\Utility\\ScubaLogging.psm1: line 345\r\nat Invoke-SCuBA\u003cProcess\u003e, C:\\Tools\\ScubaGear\\PowerShell\\ScubaGear\\Modules\\Orchestrator.psm1: line 584\r\nat \u003cScriptBlock\u003e, \u003cNo file\u003e: line 1"}
[2026-06-13 12:05:16.312] [Debug  ] [ProviderList        ] Provider export succeeded: AAD
    Data: {"Product":"aad"}
[2026-06-13 12:05:16.330] [Debug  ] [FunctionTrace       ] EXIT: Invoke-ProviderList
    Data: {"Status":"Success","ExecutionTimeMs":2215}
[2026-06-13 12:05:16.330] [Info   ] [InvokeScuba         ] Starting OPA Rego evaluation...
    Data: {"ProductNames":"aad","OPAPath":"C:\\Users\\claud\\.scubagear\\Tools"}
[2026-06-13 12:05:16.348] [Debug  ] [FunctionTrace       ] ENTER: Invoke-RunRego
    Data: {"OutFolderPath":"C:\\dev\\scuba-poc\\scuba-output\\M365BaselineConformance_2026_06_13_12_05_06","ScubaConfig":"[ScubaConfig Object]","ParentPath":"C:\\Tools\\ScubaGear\\PowerShell\\ScubaGear"}
[2026-06-13 12:05:16.374] [Debug  ] [RunRego             ] Starting Rego evaluation: AAD
    Data: {"RegoFile":"C:\\Tools\\ScubaGear\\PowerShell\\ScubaGear\\Rego\\AADConfig.rego","RegoExists":true,"Product":"aad","InputExists":true,"OPAPath":"C:\\Users\\claud\\.scubagear\\Tools","InputFile":"C:\\dev\\scuba-poc\\scuba-output\\M365BaselineConformance_2026_06_13_12_05_06\\ProviderSettingsExport.json"}
[2026-06-13 12:05:16.588] [Debug  ] [RunRego             ] Rego evaluation succeeded: AAD
    Data: {"Product":"aad"}
[2026-06-13 12:05:16.597] [Debug  ] [FunctionTrace       ] EXIT: Invoke-RunRego
    Data: {"Status":"Success","ExecutionTimeMs":243}
[2026-06-13 12:05:16.599] [Info   ] [InvokeScuba         ] Starting report creation...
    Data: {"DarkMode":false,"KeepIndividualJSON":false,"Quiet":false}
[2026-06-13 12:05:16.604] [Debug  ] [FunctionTrace       ] ENTER: Invoke-ReportCreation
    Data: {"OutFolderPath":"C:\\dev\\scuba-poc\\scuba-output\\M365BaselineConformance_2026_06_13_12_05_06","ModuleVersion":"1.8.0","TenantDetails":"[TenantDetails Object]","ScubaConfig":"[ScubaConfig Object]","Quiet":{"IsPresent":false},"DarkMode":{"IsPresent":false}}
[2026-06-13 12:05:16.697] [Error  ] [CreateReport        ] Fatal error in report creation
    Data: {"Error":"Invalid JSON primitive: .","StackTrace":"at New-Report, C:\\Tools\\ScubaGear\\PowerShell\\ScubaGear\\Modules\\CreateReport\\CreateReport.psm1: line 202\r\nat Invoke-ReportCreation\u003cProcess\u003e, C:\\Tools\\ScubaGear\\PowerShell\\ScubaGear\\Modules\\Orchestrator.psm1: line 1536\r\nat \u003cScriptBlock\u003e, C:\\Tools\\ScubaGear\\PowerShell\\ScubaGear\\Modules\\Orchestrator.psm1: line 650\r\nat Trace-ScubaFunction, C:\\Tools\\ScubaGear\\PowerShell\\ScubaGear\\Modules\\Utility\\ScubaLogging.psm1: line 345\r\nat Invoke-SCuBA\u003cProcess\u003e, C:\\Tools\\ScubaGear\\PowerShell\\ScubaGear\\Modules\\Orchestrator.psm1: line 642\r\nat \u003cScriptBlock\u003e, \u003cNo file\u003e: line 1"}
[2026-06-13 12:05:16.701] [Error  ] [FunctionTrace       ] EXIT: Invoke-ReportCreation (ERROR)
    Data: {"Status":"Error","ExecutionTimeMs":95,"ErrorType":"RuntimeException"}
    Exception: RuntimeException - Fatal Error involving the Report Creation. 
            Ending ScubaGear execution. Error: Invalid JSON primitive: ."
            
at New-Report, C:\Tools\ScubaGear\PowerShell\ScubaGear\Modules\CreateReport\CreateReport.psm1: line 202
at Invoke-ReportCreation<Process>, C:\Tools\ScubaGear\PowerShell\ScubaGear\Modules\Orchestrator.psm1: line 1536
at <ScriptBlock>, C:\Tools\ScubaGear\PowerShell\ScubaGear\Modules\Orchestrator.psm1: line 650
at Trace-ScubaFunction, C:\Tools\ScubaGear\PowerShell\ScubaGear\Modules\Utility\ScubaLogging.psm1: line 345
at Invoke-SCuBA<Process>, C:\Tools\ScubaGear\PowerShell\ScubaGear\Modules\Orchestrator.psm1: line 642
at <ScriptBlock>, <No file>: line 1
[2026-06-13 12:05:16.767] [Info   ] [InvokeScuba         ] ScubaGear assessment completed! Check report in [C:\dev\scuba-poc\scuba-output\M365BaselineConformance_2026_06_13_12_05_06]
[2026-06-13 12:05:16.772] [Info   ] [LoggingSystem       ] ScubaGear logging session ending
[2026-06-13 12:05:16.989] [Info   ] [Get-ScubaDebugLogReport] Applied 1 redaction rule(s) to report.
