[2026-06-13 10:49:58.826] [Info   ] [LoggingSystem       ] ScubaGear Logging Initialized - Level: Debug, Tracing: True, Transcript: False
[2026-06-13 10:49:58.838] [Debug  ] [AutoTrace           ] Automatic function tracing enabled - intercepting ScubaGear function calls
[2026-06-13 10:49:58.838] [Info   ] [LoggingSystem       ] Enhanced debug logging enabled - automatic function tracing active
[2026-06-13 10:49:58.840] [Info   ] [InvokeScuba         ] ScubaGear logging initialized
    Data: {"Version":"1.8.0","TranscriptEnabled":{"IsPresent":false},"LogFolder":"C:\\dev\\scuba-poc\\scuba-output\\M365BaselineConformance_2026_06_13_10_49_58\\DebugLogs","OutputFolder":"C:\\dev\\scuba-poc\\scuba-output\\M365BaselineConformance_2026_06_13_10_49_58","UserPassedEnvironment":"commercial","ProductNames":"aad"}
[2026-06-13 10:49:58.858] [Info   ] [InvokeScuba         ] Cmdlet invocation captured
    Data: {"InvocationLine":"Invoke-SCuBA -ProductNames aad -OutPath \"C:\\dev\\scuba-poc\\scuba-output\"","Command":"Invoke-SCuBA","Parameters":{"OutPath":"C:\\dev\\scuba-poc\\scuba-output","ProductNames":["aad"]},"BoundParameterCount":2}
[2026-06-13 10:49:58.862] [Info   ] [InvokeScuba         ] Capturing environment diagnostics
[2026-06-13 10:49:58.867] [Debug  ] [RunDetails          ] Collecting system OS information...
[2026-06-13 10:49:59.087] [Info   ] [RunDetails          ] System OS Information captured
    Data: {"Build":"26200","Version":"10.0.26200","Architecture":"ARM 64-bit Processor","InstallDate":"2024-06-21 7:29:58 PM","LastBootUpTime":"2026-04-18 1:24:49 AM","OS":"Microsoft Windows 11 Home"}
[2026-06-13 10:49:59.087] [Debug  ] [RunDetails          ] Collecting PowerShell version information...
[2026-06-13 10:49:59.105] [Info   ] [RunDetails          ] PowerShell Version Information captured
    Data: {"PSEdition":"Desktop","WSManStackVersion":"3.0","BuildVersion":"10.0.26100.8246","PSVersion":"5.1.26100.8246","CLRVersion":"4.0.30319.42000","PSRemotingProtocolVersion":"2.3"}
[2026-06-13 10:49:59.105] [Debug  ] [RunDetails          ] Collecting ScubaGear version information...
[2026-06-13 10:49:59.123] [Info   ] [RunDetails          ] ScubaGear Version Information captured
    Data: {"InstallSource":"Development / GitHub clone","AllPaths":"N/A","CurrentModulePath":"C:\\Tools\\ScubaGear\\PowerShell\\ScubaGear","CurrentLoadedVersion":"1.8.0","InstalledCount":0,"InstalledVersions":"Not in PSModulePath"}
[2026-06-13 10:49:59.123] [Debug  ] [RunDetails          ] Collecting OPA executable information...
[2026-06-13 10:49:59.213] [Info   ] [RunDetails          ] OPA Executable found: opa_windows_amd64.exe
    Data: {"Path":"C:\\Users\\claud\\.scubagear\\Tools\\opa_windows_amd64.exe","FileName":"opa_windows_amd64.exe","Version":"Version: 1.17.1","LastModified":"2026-06-08 6:34:16 AM","SizeMB":92.81,"Attributes":"Archive"}
[2026-06-13 10:49:59.216] [Debug  ] [RunDetails          ] Checking configured OPAPath...
[2026-06-13 10:49:59.280] [Info   ] [RunDetails          ] OPA Executable at configured path
    Data: {"Version":"Version: 1.17.1","ResolvedPath":"C:\\Users\\claud\\.scubagear\\Tools\\opa_windows_amd64.exe","ConfiguredOPAPath":"C:\\Users\\claud\\.scubagear\\Tools","FoundAtConfiguredPath":true,"SizeMB":92.81}
[2026-06-13 10:49:59.280] [Debug  ] [RunDetails          ] Checking network connectivity...
[2026-06-13 10:49:59.987] [Info   ] [RunDetails          ] Network connectivity status captured
    Data: {"InternetConnected":true,"DNSResolution":true,"DNSResult":"23.192.53.222","ProxyDetected":false,"TestTarget":"www.microsoft.com"}
[2026-06-13 10:49:59.987] [Debug  ] [RunDetails          ] Capturing current command invocation...
[2026-06-13 10:50:00.005] [Info   ] [RunDetails          ] Command invocation details captured
    Data: {"CommandLine":"Write-ScubaRunDetails -IncludeLoadedModules -IncludeErrors -ConfiguredOPAPath $ScubaConfig.OPAPath -ErrorAction Stop","RecentScubaCommands":"Import-Module \"C:\\Tools\\ScubaGear\\PowerShell\\ScubaGear\\ScubaGear.psd1\" -Force","BoundParameters":"IncludeLoadedModules=True; IncludeErrors=True; ConfiguredOPAPath=C:\\Users\\claud\\.scubagear\\Tools; ErrorAction=Stop","CalledFrom":"Invoke-SCuBA","WorkingDirectory":"C:\\Users\\claud","CurrentFunction":"Write-ScubaRunDetails","ScriptName":"C:\\Tools\\ScubaGear\\PowerShell\\ScubaGear\\Modules\\Orchestrator.psm1","ScriptLineNumber":512}
[2026-06-13 10:50:00.005] [Debug  ] [RunDetails          ] Collecting loaded modules from memory...
[2026-06-13 10:50:00.005] [Info   ] [RunDetails          ] Loaded modules summary
    Data: {"ModuleNames":"CimCmdlets, Dependencies, DnsClient, Microsoft.Graph.Authentication, Microsoft.PowerShell.Management, Microsoft.PowerShell.Utility, NetTCPIP, PackageManagement, PowerShellGet, PSReadLine, RaiseFunctionCap, ScubaGear, ScubaLogging, Support","TotalLoadedModules":14}
[2026-06-13 10:50:00.005] [Debug  ] [RunDetails          ] Detailed loaded module information:
[2026-06-13 10:50:00.005] [Debug  ] [RunDetails          ] Loaded module: CimCmdlets
    Data: {"Path":"C:\\Windows\\Microsoft.Net\\assembly\\GAC_MSIL\\Microsoft.Management.Infrastructure.CimCmdlets\\v4.0_1.0.0.0__31bf3856ad364e35\\Microsoft.Management.Infrastructure.CimCmdlets.dll","ModuleType":"Binary","Name":"CimCmdlets","Version":"1.0.0.0"}
[2026-06-13 10:50:00.005] [Debug  ] [RunDetails          ] Loaded module: Dependencies
    Data: {"Path":"C:\\Tools\\ScubaGear\\PowerShell\\ScubaGear\\Dependencies.ps1","ModuleType":"Script","Name":"Dependencies","Version":"0.0"}
[2026-06-13 10:50:00.023] [Debug  ] [RunDetails          ] Loaded module: DnsClient
    Data: {"Path":"C:\\Windows\\system32\\WindowsPowerShell\\v1.0\\Modules\\DnsClient\\DnsClient.psd1","ModuleType":"Manifest","Name":"DnsClient","Version":"1.0.0.0"}
[2026-06-13 10:50:00.024] [Debug  ] [RunDetails          ] Loaded module: Microsoft.Graph.Authentication
    Data: {"Path":"C:\\Users\\claud\\OneDrive\\Documents\\WindowsPowerShell\\Modules\\Microsoft.Graph.Authentication\\2.25.0\\Microsoft.Graph.Authentication.psm1","ModuleType":"Script","Name":"Microsoft.Graph.Authentication","Version":"2.25.0"}
[2026-06-13 10:50:00.026] [Debug  ] [RunDetails          ] Loaded module: Microsoft.PowerShell.Management
    Data: {"Path":"C:\\Windows\\system32\\WindowsPowerShell\\v1.0\\Modules\\Microsoft.PowerShell.Management\\Microsoft.PowerShell.Management.psd1","ModuleType":"Manifest","Name":"Microsoft.PowerShell.Management","Version":"3.1.0.0"}
[2026-06-13 10:50:00.028] [Debug  ] [RunDetails          ] Loaded module: Microsoft.PowerShell.Utility
    Data: {"Path":"C:\\Windows\\system32\\WindowsPowerShell\\v1.0\\Modules\\Microsoft.PowerShell.Utility\\Microsoft.PowerShell.Utility.psd1","ModuleType":"Manifest","Name":"Microsoft.PowerShell.Utility","Version":"3.1.0.0"}
[2026-06-13 10:50:00.029] [Debug  ] [RunDetails          ] Loaded module: NetTCPIP
    Data: {"Path":"C:\\Windows\\system32\\WindowsPowerShell\\v1.0\\Modules\\NetTCPIP\\NetTCPIP.psd1","ModuleType":"Manifest","Name":"NetTCPIP","Version":"1.0.0.0"}
[2026-06-13 10:50:00.032] [Debug  ] [RunDetails          ] Loaded module: PackageManagement
    Data: {"Path":"C:\\Program Files\\WindowsPowerShell\\Modules\\PackageManagement\\1.0.0.1\\Microsoft.PowerShell.PackageManagement.dll","ModuleType":"Binary","Name":"PackageManagement","Version":"1.0.0.1"}
[2026-06-13 10:50:00.033] [Debug  ] [RunDetails          ] Loaded module: PowerShellGet
    Data: {"Path":"C:\\Program Files\\WindowsPowerShell\\Modules\\PowerShellGet\\1.0.0.1\\PSModule.psm1","ModuleType":"Script","Name":"PowerShellGet","Version":"1.0.0.1"}
[2026-06-13 10:50:00.033] [Debug  ] [RunDetails          ] Loaded module: PSReadLine
    Data: {"Path":"C:\\Program Files\\WindowsPowerShell\\Modules\\PSReadLine\\2.0.0\\PSReadLine.psm1","ModuleType":"Script","Name":"PSReadLine","Version":"2.0.0"}
[2026-06-13 10:50:00.036] [Debug  ] [RunDetails          ] Loaded module: RaiseFunctionCap
    Data: {"Path":"C:\\Tools\\ScubaGear\\PowerShell\\ScubaGear\\RaiseFunctionCap.ps1","ModuleType":"Script","Name":"RaiseFunctionCap","Version":"0.0"}
[2026-06-13 10:50:00.038] [Debug  ] [RunDetails          ] Loaded module: ScubaGear
    Data: {"Path":"C:\\Tools\\ScubaGear\\PowerShell\\ScubaGear\\ScubaGear.psm1","ModuleType":"Script","Name":"ScubaGear","Version":"1.8.0"}
[2026-06-13 10:50:00.039] [Debug  ] [RunDetails          ] Loaded module: ScubaLogging
    Data: {"Path":"C:\\Tools\\ScubaGear\\PowerShell\\ScubaGear\\Modules\\Utility\\ScubaLogging.psm1","ModuleType":"Script","Name":"ScubaLogging","Version":"0.0"}
[2026-06-13 10:50:00.039] [Debug  ] [RunDetails          ] Loaded module: Support
    Data: {"Path":"C:\\Tools\\ScubaGear\\PowerShell\\ScubaGear\\Modules\\Support\\Support.psm1","ModuleType":"Script","Name":"Support","Version":"0.0"}
[2026-06-13 10:50:00.050] [Info   ] [RunDetails          ] ScubaGear-related modules currently loaded in memory
    Data: {"Modules":"Microsoft.Graph.Authentication (2.25.0); ScubaGear (1.8.0); ScubaLogging (0.0)","ModulePaths":"Microsoft.Graph.Authentication=C:\\Users\\claud\\OneDrive\\Documents\\WindowsPowerShell\\Modules\\Microsoft.Graph.Authentication\\2.25.0; ScubaGear=C:\\Tools\\ScubaGear\\PowerShell\\ScubaGear; ScubaLogging=C:\\Tools\\ScubaGear\\PowerShell\\ScubaGear","Count":3}
[2026-06-13 10:50:00.052] [Debug  ] [RunDetails          ] Collecting recent PowerShell errors...
[2026-06-13 10:50:00.053] [Info   ] [RunDetails          ] No recent errors found in $Error variable
[2026-06-13 10:50:00.054] [Debug  ] [ModuleSnapshot      ] Capturing module snapshot: InitialLoad
[2026-06-13 10:50:00.060] [Debug  ] [ModuleSnapshot      ] Loaded 4 module names from RequiredVersions.ps1
[2026-06-13 10:50:00.063] [Info   ] [ModuleSnapshot      ] Module snapshot 'InitialLoad' captured: 2 module(s)
    Data: {"SnapshotName":"InitialLoad","ModulePathsSummary":"Microsoft.Graph.Authentication=C:\\Users\\claud\\OneDrive\\Documents\\WindowsPowerShell\\Modules\\Microsoft.Graph.Authentication\\2.25.0; ScubaGear=C:\\Tools\\ScubaGear\\PowerShell\\ScubaGear","ModulePaths":["Microsoft.Graph.Authentication=C:\\Users\\claud\\OneDrive\\Documents\\WindowsPowerShell\\Modules\\Microsoft.Graph.Authentication\\2.25.0","ScubaGear=C:\\Tools\\ScubaGear\\PowerShell\\ScubaGear"],"ModuleCount":2,"ModuleSummary":"Microsoft.Graph.Authentication (2.25.0); ScubaGear (1.8.0)","Modules":["Microsoft.Graph.Authentication (2.25.0)","ScubaGear (1.8.0)"]}
[2026-06-13 10:50:00.067] [Info   ] [InvokeScuba         ] Starting product authentication...
    Data: {"ProductNames":"aad","M365Environment":"commercial","UsesServicePrincipal":false}
[2026-06-13 10:50:00.859] [Debug  ] [ModuleSnapshot      ] Capturing module snapshot: PostAuthentication
[2026-06-13 10:50:00.859] [Debug  ] [ModuleSnapshot      ] Loaded 4 module names from RequiredVersions.ps1
[2026-06-13 10:50:00.859] [Info   ] [ModuleSnapshot      ] Module snapshot 'PostAuthentication' captured: 2 module(s)
    Data: {"SnapshotName":"PostAuthentication","ModulePathsSummary":"Microsoft.Graph.Authentication=C:\\Users\\claud\\OneDrive\\Documents\\WindowsPowerShell\\Modules\\Microsoft.Graph.Authentication\\2.25.0; ScubaGear=C:\\Tools\\ScubaGear\\PowerShell\\ScubaGear","ModulePaths":["Microsoft.Graph.Authentication=C:\\Users\\claud\\OneDrive\\Documents\\WindowsPowerShell\\Modules\\Microsoft.Graph.Authentication\\2.25.0","ScubaGear=C:\\Tools\\ScubaGear\\PowerShell\\ScubaGear"],"ModuleCount":2,"ModuleSummary":"Microsoft.Graph.Authentication (2.25.0); ScubaGear (1.8.0)","Modules":["Microsoft.Graph.Authentication (2.25.0)","ScubaGear (1.8.0)"]}
[2026-06-13 10:50:00.859] [Info   ] [InvokeScuba         ] Retrieving tenant details...
    Data: {"ProductNames":"aad","M365Environment":"commercial"}
[2026-06-13 10:50:23.065] [Debug  ] [InvokeScuba         ] Tenant details retrieved successfully
[2026-06-13 10:50:23.083] [Info   ] [InvokeScuba         ] Starting provider execution...
    Data: {"ModuleVersion":"1.8.0","ProductNames":"aad","Guid":"8258fef8-02a8-4809-9f7c-be4430f045d0"}
[2026-06-13 10:50:23.105] [Debug  ] [FunctionTrace       ] ENTER: Invoke-ProviderList
    Data: {"ModuleVersion":"1.8.0","ScubaConfig":"[ScubaConfig Object]","OutFolderPath":"C:\\dev\\scuba-poc\\scuba-output\\M365BaselineConformance_2026_06_13_10_49_58","Guid":"8258fef8-02a8-4809-9f7c-be4430f045d0","TenantDetails":"[TenantDetails Object]"}
[2026-06-13 10:50:23.145] [Debug  ] [ProviderList        ] Starting provider export: AAD
    Data: {"Total":3,"N":1,"Product":"aad"}
[2026-06-13 10:50:23.362] [Debug  ] [FunctionTrace       ] ENTER: Get-MgBetaIdentityConditionalAccessPolicy
[2026-06-13 10:50:23.459] [Info   ] [TryCommand          ] Error running command
    Data: {"Error":"Response status code does not indicate success: BadRequest (Bad Request).","Command":"Get-MgBetaIdentityConditionalAccessPolicy","StackTrace":"at Invoke-GraphDirectly, C:\\Tools\\ScubaGear\\PowerShell\\ScubaGear\\Modules\\Utility\\Utility.psm1: line 257\r\nat \u003cScriptBlock\u003e, C:\\Tools\\ScubaGear\\PowerShell\\ScubaGear\\Modules\\Providers\\ProviderHelpers\\CommandTracker.psm1: line 49\r\nat Trace-ScubaFunction, C:\\Tools\\ScubaGear\\PowerShell\\ScubaGear\\Modules\\Utility\\ScubaLogging.psm1: line 352\r\nat TryCommand, C:\\Tools\\ScubaGear\\PowerShell\\ScubaGear\\Modules\\Providers\\ProviderHelpers\\CommandTracker.psm1: line 48\r\nat TryCommand, C:\\Tools\\ScubaGear\\PowerShell\\ScubaGear\\Modules\\Providers\\ProviderHelpers\\CommandTracker.psm1: line 96\r\nat Export-AADProvider, C:\\Tools\\ScubaGear\\PowerShell\\ScubaGear\\Modules\\Providers\\ExportAADProvider.psm1: line 32\r\nat Invoke-ProviderList\u003cProcess\u003e, C:\\Tools\\ScubaGear\\PowerShell\\ScubaGear\\Modules\\Orchestrator.psm1: line 851\r\nat \u003cScriptBlock\u003e, C:\\Tools\\ScubaGear\\PowerShell\\ScubaGear\\Modules\\Orchestrator.psm1: line 609\r\nat Trace-ScubaFunction, C:\\Tools\\ScubaGear\\PowerShell\\ScubaGear\\Modules\\Utility\\ScubaLogging.psm1: line 352\r\nat Invoke-SCuBA\u003cProcess\u003e, C:\\Tools\\ScubaGear\\PowerShell\\ScubaGear\\Modules\\Orchestrator.psm1: line 602\r\nat \u003cScriptBlock\u003e, \u003cNo file\u003e: line 1"}
[2026-06-13 10:50:23.533] [Debug  ] [FunctionTrace       ] ENTER: Get-MgBetaSubscribedSku
[2026-06-13 10:50:23.610] [Info   ] [TryCommand          ] Error running command
    Data: {"Error":"Response status code does not indicate success: BadRequest (Bad Request).","Command":"Get-MgBetaSubscribedSku","StackTrace":"at Invoke-GraphDirectly, C:\\Tools\\ScubaGear\\PowerShell\\ScubaGear\\Modules\\Utility\\Utility.psm1: line 257\r\nat \u003cScriptBlock\u003e, C:\\Tools\\ScubaGear\\PowerShell\\ScubaGear\\Modules\\Providers\\ProviderHelpers\\CommandTracker.psm1: line 49\r\nat Trace-ScubaFunction, C:\\Tools\\ScubaGear\\PowerShell\\ScubaGear\\Modules\\Utility\\ScubaLogging.psm1: line 352\r\nat TryCommand, C:\\Tools\\ScubaGear\\PowerShell\\ScubaGear\\Modules\\Providers\\ProviderHelpers\\CommandTracker.psm1: line 48\r\nat TryCommand, C:\\Tools\\ScubaGear\\PowerShell\\ScubaGear\\Modules\\Providers\\ProviderHelpers\\CommandTracker.psm1: line 96\r\nat Export-AADProvider, C:\\Tools\\ScubaGear\\PowerShell\\ScubaGear\\Modules\\Providers\\ExportAADProvider.psm1: line 55\r\nat Invoke-ProviderList\u003cProcess\u003e, C:\\Tools\\ScubaGear\\PowerShell\\ScubaGear\\Modules\\Orchestrator.psm1: line 851\r\nat \u003cScriptBlock\u003e, C:\\Tools\\ScubaGear\\PowerShell\\ScubaGear\\Modules\\Orchestrator.psm1: line 609\r\nat Trace-ScubaFunction, C:\\Tools\\ScubaGear\\PowerShell\\ScubaGear\\Modules\\Utility\\ScubaLogging.psm1: line 352\r\nat Invoke-SCuBA\u003cProcess\u003e, C:\\Tools\\ScubaGear\\PowerShell\\ScubaGear\\Modules\\Orchestrator.psm1: line 602\r\nat \u003cScriptBlock\u003e, \u003cNo file\u003e: line 1"}
[2026-06-13 10:50:23.633] [Debug  ] [FunctionTrace       ] ENTER: Get-MgBetaUserCount
[2026-06-13 10:50:23.865] [Info   ] [TryCommand          ] Error running command
    Data: {"Error":"Response status code does not indicate success: NotFound (Not Found).","Command":"Get-MgBetaUserCount","StackTrace":"at Invoke-GraphDirectly, C:\\Tools\\ScubaGear\\PowerShell\\ScubaGear\\Modules\\Utility\\Utility.psm1: line 257\r\nat \u003cScriptBlock\u003e, C:\\Tools\\ScubaGear\\PowerShell\\ScubaGear\\Modules\\Providers\\ProviderHelpers\\CommandTracker.psm1: line 49\r\nat Trace-ScubaFunction, C:\\Tools\\ScubaGear\\PowerShell\\ScubaGear\\Modules\\Utility\\ScubaLogging.psm1: line 352\r\nat TryCommand, C:\\Tools\\ScubaGear\\PowerShell\\ScubaGear\\Modules\\Providers\\ProviderHelpers\\CommandTracker.psm1: line 48\r\nat TryCommand, C:\\Tools\\ScubaGear\\PowerShell\\ScubaGear\\Modules\\Providers\\ProviderHelpers\\CommandTracker.psm1: line 96\r\nat Export-AADProvider, C:\\Tools\\ScubaGear\\PowerShell\\ScubaGear\\Modules\\Providers\\ExportAADProvider.psm1: line 69\r\nat Invoke-ProviderList\u003cProcess\u003e, C:\\Tools\\ScubaGear\\PowerShell\\ScubaGear\\Modules\\Orchestrator.psm1: line 851\r\nat \u003cScriptBlock\u003e, C:\\Tools\\ScubaGear\\PowerShell\\ScubaGear\\Modules\\Orchestrator.psm1: line 609\r\nat Trace-ScubaFunction, C:\\Tools\\ScubaGear\\PowerShell\\ScubaGear\\Modules\\Utility\\ScubaLogging.psm1: line 352\r\nat Invoke-SCuBA\u003cProcess\u003e, C:\\Tools\\ScubaGear\\PowerShell\\ScubaGear\\Modules\\Orchestrator.psm1: line 602\r\nat \u003cScriptBlock\u003e, \u003cNo file\u003e: line 1"}
[2026-06-13 10:50:23.865] [Debug  ] [FunctionTrace       ] ENTER: Get-MgBetaPolicyAuthorizationPolicy
[2026-06-13 10:50:23.977] [Info   ] [TryCommand          ] Error running command
    Data: {"Error":"Response status code does not indicate success: BadRequest (Bad Request).","Command":"Get-MgBetaPolicyAuthorizationPolicy","StackTrace":"at Invoke-GraphDirectly, C:\\Tools\\ScubaGear\\PowerShell\\ScubaGear\\Modules\\Utility\\Utility.psm1: line 257\r\nat \u003cScriptBlock\u003e, C:\\Tools\\ScubaGear\\PowerShell\\ScubaGear\\Modules\\Providers\\ProviderHelpers\\CommandTracker.psm1: line 49\r\nat Trace-ScubaFunction, C:\\Tools\\ScubaGear\\PowerShell\\ScubaGear\\Modules\\Utility\\ScubaLogging.psm1: line 352\r\nat TryCommand, C:\\Tools\\ScubaGear\\PowerShell\\ScubaGear\\Modules\\Providers\\ProviderHelpers\\CommandTracker.psm1: line 48\r\nat TryCommand, C:\\Tools\\ScubaGear\\PowerShell\\ScubaGear\\Modules\\Providers\\ProviderHelpers\\CommandTracker.psm1: line 96\r\nat Export-AADProvider, C:\\Tools\\ScubaGear\\PowerShell\\ScubaGear\\Modules\\Providers\\ExportAADProvider.psm1: line 80\r\nat Invoke-ProviderList\u003cProcess\u003e, C:\\Tools\\ScubaGear\\PowerShell\\ScubaGear\\Modules\\Orchestrator.psm1: line 851\r\nat \u003cScriptBlock\u003e, C:\\Tools\\ScubaGear\\PowerShell\\ScubaGear\\Modules\\Orchestrator.psm1: line 609\r\nat Trace-ScubaFunction, C:\\Tools\\ScubaGear\\PowerShell\\ScubaGear\\Modules\\Utility\\ScubaLogging.psm1: line 352\r\nat Invoke-SCuBA\u003cProcess\u003e, C:\\Tools\\ScubaGear\\PowerShell\\ScubaGear\\Modules\\Orchestrator.psm1: line 602\r\nat \u003cScriptBlock\u003e, \u003cNo file\u003e: line 1"}
[2026-06-13 10:50:23.993] [Debug  ] [FunctionTrace       ] ENTER: Get-MgBetaDirectorySetting
[2026-06-13 10:50:24.060] [Info   ] [TryCommand          ] Error running command
    Data: {"Error":"Response status code does not indicate success: BadRequest (Bad Request).","Command":"Get-MgBetaDirectorySetting","StackTrace":"at Invoke-GraphDirectly, C:\\Tools\\ScubaGear\\PowerShell\\ScubaGear\\Modules\\Utility\\Utility.psm1: line 257\r\nat \u003cScriptBlock\u003e, C:\\Tools\\ScubaGear\\PowerShell\\ScubaGear\\Modules\\Providers\\ProviderHelpers\\CommandTracker.psm1: line 49\r\nat Trace-ScubaFunction, C:\\Tools\\ScubaGear\\PowerShell\\ScubaGear\\Modules\\Utility\\ScubaLogging.psm1: line 352\r\nat TryCommand, C:\\Tools\\ScubaGear\\PowerShell\\ScubaGear\\Modules\\Providers\\ProviderHelpers\\CommandTracker.psm1: line 48\r\nat TryCommand, C:\\Tools\\ScubaGear\\PowerShell\\ScubaGear\\Modules\\Providers\\ProviderHelpers\\CommandTracker.psm1: line 96\r\nat Export-AADProvider, C:\\Tools\\ScubaGear\\PowerShell\\ScubaGear\\Modules\\Providers\\ExportAADProvider.psm1: line 83\r\nat Invoke-ProviderList\u003cProcess\u003e, C:\\Tools\\ScubaGear\\PowerShell\\ScubaGear\\Modules\\Orchestrator.psm1: line 851\r\nat \u003cScriptBlock\u003e, C:\\Tools\\ScubaGear\\PowerShell\\ScubaGear\\Modules\\Orchestrator.psm1: line 609\r\nat Trace-ScubaFunction, C:\\Tools\\ScubaGear\\PowerShell\\ScubaGear\\Modules\\Utility\\ScubaLogging.psm1: line 352\r\nat Invoke-SCuBA\u003cProcess\u003e, C:\\Tools\\ScubaGear\\PowerShell\\ScubaGear\\Modules\\Orchestrator.psm1: line 602\r\nat \u003cScriptBlock\u003e, \u003cNo file\u003e: line 1"}
[2026-06-13 10:50:24.060] [Debug  ] [FunctionTrace       ] ENTER: Get-MgBetaPolicyAuthenticationMethodPolicy
[2026-06-13 10:50:24.141] [Info   ] [TryCommand          ] Error running command
    Data: {"Error":"Response status code does not indicate success: BadRequest (Bad Request).","Command":"Get-MgBetaPolicyAuthenticationMethodPolicy","StackTrace":"at Invoke-GraphDirectly, C:\\Tools\\ScubaGear\\PowerShell\\ScubaGear\\Modules\\Utility\\Utility.psm1: line 257\r\nat \u003cScriptBlock\u003e, C:\\Tools\\ScubaGear\\PowerShell\\ScubaGear\\Modules\\Providers\\ProviderHelpers\\CommandTracker.psm1: line 49\r\nat Trace-ScubaFunction, C:\\Tools\\ScubaGear\\PowerShell\\ScubaGear\\Modules\\Utility\\ScubaLogging.psm1: line 352\r\nat TryCommand, C:\\Tools\\ScubaGear\\PowerShell\\ScubaGear\\Modules\\Providers\\ProviderHelpers\\CommandTracker.psm1: line 48\r\nat TryCommand, C:\\Tools\\ScubaGear\\PowerShell\\ScubaGear\\Modules\\Providers\\ProviderHelpers\\CommandTracker.psm1: line 96\r\nat Export-AADProvider, C:\\Tools\\ScubaGear\\PowerShell\\ScubaGear\\Modules\\Providers\\ExportAADProvider.psm1: line 86\r\nat Invoke-ProviderList\u003cProcess\u003e, C:\\Tools\\ScubaGear\\PowerShell\\ScubaGear\\Modules\\Orchestrator.psm1: line 851\r\nat \u003cScriptBlock\u003e, C:\\Tools\\ScubaGear\\PowerShell\\ScubaGear\\Modules\\Orchestrator.psm1: line 609\r\nat Trace-ScubaFunction, C:\\Tools\\ScubaGear\\PowerShell\\ScubaGear\\Modules\\Utility\\ScubaLogging.psm1: line 352\r\nat Invoke-SCuBA\u003cProcess\u003e, C:\\Tools\\ScubaGear\\PowerShell\\ScubaGear\\Modules\\Orchestrator.psm1: line 602\r\nat \u003cScriptBlock\u003e, \u003cNo file\u003e: line 1"}
[2026-06-13 10:50:24.158] [Debug  ] [FunctionTrace       ] ENTER: Get-MgBetaDomain
[2026-06-13 10:50:24.241] [Info   ] [TryCommand          ] Error running command
    Data: {"Error":"Response status code does not indicate success: BadRequest (Bad Request).","Command":"Get-MgBetaDomain","StackTrace":"at Invoke-GraphDirectly, C:\\Tools\\ScubaGear\\PowerShell\\ScubaGear\\Modules\\Utility\\Utility.psm1: line 257\r\nat \u003cScriptBlock\u003e, C:\\Tools\\ScubaGear\\PowerShell\\ScubaGear\\Modules\\Providers\\ProviderHelpers\\CommandTracker.psm1: line 49\r\nat Trace-ScubaFunction, C:\\Tools\\ScubaGear\\PowerShell\\ScubaGear\\Modules\\Utility\\ScubaLogging.psm1: line 352\r\nat TryCommand, C:\\Tools\\ScubaGear\\PowerShell\\ScubaGear\\Modules\\Providers\\ProviderHelpers\\CommandTracker.psm1: line 48\r\nat TryCommand, C:\\Tools\\ScubaGear\\PowerShell\\ScubaGear\\Modules\\Providers\\ProviderHelpers\\CommandTracker.psm1: line 96\r\nat Export-AADProvider, C:\\Tools\\ScubaGear\\PowerShell\\ScubaGear\\Modules\\Providers\\ExportAADProvider.psm1: line 103\r\nat Invoke-ProviderList\u003cProcess\u003e, C:\\Tools\\ScubaGear\\PowerShell\\ScubaGear\\Modules\\Orchestrator.psm1: line 851\r\nat \u003cScriptBlock\u003e, C:\\Tools\\ScubaGear\\PowerShell\\ScubaGear\\Modules\\Orchestrator.psm1: line 609\r\nat Trace-ScubaFunction, C:\\Tools\\ScubaGear\\PowerShell\\ScubaGear\\Modules\\Utility\\ScubaLogging.psm1: line 352\r\nat Invoke-SCuBA\u003cProcess\u003e, C:\\Tools\\ScubaGear\\PowerShell\\ScubaGear\\Modules\\Orchestrator.psm1: line 602\r\nat \u003cScriptBlock\u003e, \u003cNo file\u003e: line 1"}
[2026-06-13 10:50:24.241] [Debug  ] [FunctionTrace       ] ENTER: Get-ServicePrincipalsWithRiskyDelegatedPermissionClassifications
[2026-06-13 10:50:24.392] [Info   ] [TryCommand          ] Error running command
    Data: {"Error":"Response status code does not indicate success: BadRequest (Bad Request).","Command":"Get-ServicePrincipalsWithRiskyDelegatedPermissionClassifications","StackTrace":"at Invoke-GraphDirectly, C:\\Tools\\ScubaGear\\PowerShell\\ScubaGear\\Modules\\Utility\\Utility.psm1: line 257\r\nat Get-ServicePrincipalsWithRiskyDelegatedPermissionClassifications\u003cProcess\u003e, C:\\Tools\\ScubaGear\\PowerShell\\ScubaGear\\Modules\\Providers\\ProviderHelpers\\AADRiskyPermissionsHelper.psm1: line 520\r\nat \u003cScriptBlock\u003e, C:\\Tools\\ScubaGear\\PowerShell\\ScubaGear\\Modules\\Providers\\ProviderHelpers\\CommandTracker.psm1: line 62\r\nat Trace-ScubaFunction, C:\\Tools\\ScubaGear\\PowerShell\\ScubaGear\\Modules\\Utility\\ScubaLogging.psm1: line 352\r\nat TryCommand, C:\\Tools\\ScubaGear\\PowerShell\\ScubaGear\\Modules\\Providers\\ProviderHelpers\\CommandTracker.psm1: line 61\r\nat TryCommand, C:\\Tools\\ScubaGear\\PowerShell\\ScubaGear\\Modules\\Providers\\ProviderHelpers\\CommandTracker.psm1: line 96\r\nat Export-AADProvider, C:\\Tools\\ScubaGear\\PowerShell\\ScubaGear\\Modules\\Providers\\ExportAADProvider.psm1: line 106\r\nat Invoke-ProviderList\u003cProcess\u003e, C:\\Tools\\ScubaGear\\PowerShell\\ScubaGear\\Modules\\Orchestrator.psm1: line 851\r\nat \u003cScriptBlock\u003e, C:\\Tools\\ScubaGear\\PowerShell\\ScubaGear\\Modules\\Orchestrator.psm1: line 609\r\nat Trace-ScubaFunction, C:\\Tools\\ScubaGear\\PowerShell\\ScubaGear\\Modules\\Utility\\ScubaLogging.psm1: line 352\r\nat Invoke-SCuBA\u003cProcess\u003e, C:\\Tools\\ScubaGear\\PowerShell\\ScubaGear\\Modules\\Orchestrator.psm1: line 602\r\nat \u003cScriptBlock\u003e, \u003cNo file\u003e: line 1"}
[2026-06-13 10:50:24.392] [Debug  ] [FunctionTrace       ] ENTER: Get-MgBetaPolicyDefaultAppManagementPolicy
[2026-06-13 10:50:24.550] [Info   ] [TryCommand          ] Error running command
    Data: {"Error":"Response status code does not indicate success: BadRequest (Bad Request).","Command":"Get-MgBetaPolicyDefaultAppManagementPolicy","StackTrace":"at Invoke-GraphDirectly, C:\\Tools\\ScubaGear\\PowerShell\\ScubaGear\\Modules\\Utility\\Utility.psm1: line 257\r\nat \u003cScriptBlock\u003e, C:\\Tools\\ScubaGear\\PowerShell\\ScubaGear\\Modules\\Providers\\ProviderHelpers\\CommandTracker.psm1: line 49\r\nat Trace-ScubaFunction, C:\\Tools\\ScubaGear\\PowerShell\\ScubaGear\\Modules\\Utility\\ScubaLogging.psm1: line 352\r\nat TryCommand, C:\\Tools\\ScubaGear\\PowerShell\\ScubaGear\\Modules\\Providers\\ProviderHelpers\\CommandTracker.psm1: line 48\r\nat TryCommand, C:\\Tools\\ScubaGear\\PowerShell\\ScubaGear\\Modules\\Providers\\ProviderHelpers\\CommandTracker.psm1: line 96\r\nat Export-AADProvider, C:\\Tools\\ScubaGear\\PowerShell\\ScubaGear\\Modules\\Providers\\ExportAADProvider.psm1: line 110\r\nat Invoke-ProviderList\u003cProcess\u003e, C:\\Tools\\ScubaGear\\PowerShell\\ScubaGear\\Modules\\Orchestrator.psm1: line 851\r\nat \u003cScriptBlock\u003e, C:\\Tools\\ScubaGear\\PowerShell\\ScubaGear\\Modules\\Orchestrator.psm1: line 609\r\nat Trace-ScubaFunction, C:\\Tools\\ScubaGear\\PowerShell\\ScubaGear\\Modules\\Utility\\ScubaLogging.psm1: line 352\r\nat Invoke-SCuBA\u003cProcess\u003e, C:\\Tools\\ScubaGear\\PowerShell\\ScubaGear\\Modules\\Orchestrator.psm1: line 602\r\nat \u003cScriptBlock\u003e, \u003cNo file\u003e: line 1"}
[2026-06-13 10:50:24.550] [Debug  ] [FunctionTrace       ] ENTER: Get-MgBetaPolicyAppManagementPolicy
[2026-06-13 10:50:24.632] [Info   ] [TryCommand          ] Error running command
    Data: {"Error":"Response status code does not indicate success: BadRequest (Bad Request).","Command":"Get-MgBetaPolicyAppManagementPolicy","StackTrace":"at Invoke-GraphDirectly, C:\\Tools\\ScubaGear\\PowerShell\\ScubaGear\\Modules\\Utility\\Utility.psm1: line 257\r\nat \u003cScriptBlock\u003e, C:\\Tools\\ScubaGear\\PowerShell\\ScubaGear\\Modules\\Providers\\ProviderHelpers\\CommandTracker.psm1: line 49\r\nat Trace-ScubaFunction, C:\\Tools\\ScubaGear\\PowerShell\\ScubaGear\\Modules\\Utility\\ScubaLogging.psm1: line 352\r\nat TryCommand, C:\\Tools\\ScubaGear\\PowerShell\\ScubaGear\\Modules\\Providers\\ProviderHelpers\\CommandTracker.psm1: line 48\r\nat TryCommand, C:\\Tools\\ScubaGear\\PowerShell\\ScubaGear\\Modules\\Providers\\ProviderHelpers\\CommandTracker.psm1: line 96\r\nat Export-AADProvider, C:\\Tools\\ScubaGear\\PowerShell\\ScubaGear\\Modules\\Providers\\ExportAADProvider.psm1: line 111\r\nat Invoke-ProviderList\u003cProcess\u003e, C:\\Tools\\ScubaGear\\PowerShell\\ScubaGear\\Modules\\Orchestrator.psm1: line 851\r\nat \u003cScriptBlock\u003e, C:\\Tools\\ScubaGear\\PowerShell\\ScubaGear\\Modules\\Orchestrator.psm1: line 609\r\nat Trace-ScubaFunction, C:\\Tools\\ScubaGear\\PowerShell\\ScubaGear\\Modules\\Utility\\ScubaLogging.psm1: line 352\r\nat Invoke-SCuBA\u003cProcess\u003e, C:\\Tools\\ScubaGear\\PowerShell\\ScubaGear\\Modules\\Orchestrator.psm1: line 602\r\nat \u003cScriptBlock\u003e, \u003cNo file\u003e: line 1"}
[2026-06-13 10:50:24.665] [Debug  ] [FunctionTrace       ] ENTER: Get-ApplicationsWithRiskyPermissions
[2026-06-13 10:50:25.614] [Info   ] [TryCommand          ] Error running command
    Data: {"Error":"Response status code does not indicate success: Forbidden (Forbidden).","Command":"Get-ApplicationsWithRiskyPermissions","StackTrace":"at Invoke-GraphDirectly, C:\\Tools\\ScubaGear\\PowerShell\\ScubaGear\\Modules\\Utility\\Utility.psm1: line 257\r\nat Get-ApplicationsWithRiskyPermissions\u003cProcess\u003e, C:\\Tools\\ScubaGear\\PowerShell\\ScubaGear\\Modules\\Providers\\ProviderHelpers\\AADRiskyPermissionsHelper.psm1: line 230\r\nat \u003cScriptBlock\u003e, C:\\Tools\\ScubaGear\\PowerShell\\ScubaGear\\Modules\\Providers\\ProviderHelpers\\CommandTracker.psm1: line 62\r\nat Trace-ScubaFunction, C:\\Tools\\ScubaGear\\PowerShell\\ScubaGear\\Modules\\Utility\\ScubaLogging.psm1: line 352\r\nat TryCommand, C:\\Tools\\ScubaGear\\PowerShell\\ScubaGear\\Modules\\Providers\\ProviderHelpers\\CommandTracker.psm1: line 61\r\nat TryCommand, C:\\Tools\\ScubaGear\\PowerShell\\ScubaGear\\Modules\\Providers\\ProviderHelpers\\CommandTracker.psm1: line 96\r\nat Export-AADProvider, C:\\Tools\\ScubaGear\\PowerShell\\ScubaGear\\Modules\\Providers\\ExportAADProvider.psm1: line 189\r\nat Invoke-ProviderList\u003cProcess\u003e, C:\\Tools\\ScubaGear\\PowerShell\\ScubaGear\\Modules\\Orchestrator.psm1: line 851\r\nat \u003cScriptBlock\u003e, C:\\Tools\\ScubaGear\\PowerShell\\ScubaGear\\Modules\\Orchestrator.psm1: line 609\r\nat Trace-ScubaFunction, C:\\Tools\\ScubaGear\\PowerShell\\ScubaGear\\Modules\\Utility\\ScubaLogging.psm1: line 352\r\nat Invoke-SCuBA\u003cProcess\u003e, C:\\Tools\\ScubaGear\\PowerShell\\ScubaGear\\Modules\\Orchestrator.psm1: line 602\r\nat \u003cScriptBlock\u003e, \u003cNo file\u003e: line 1"}
[2026-06-13 10:50:25.632] [Debug  ] [FunctionTrace       ] ENTER: Get-ServicePrincipalsWithRiskyPermissions
[2026-06-13 10:50:25.783] [Info   ] [TryCommand          ] Error running command
    Data: {"Error":"Response status code does not indicate success: BadRequest (Bad Request).","Command":"Get-ServicePrincipalsWithRiskyPermissions","StackTrace":"at Invoke-GraphDirectly, C:\\Tools\\ScubaGear\\PowerShell\\ScubaGear\\Modules\\Utility\\Utility.psm1: line 257\r\nat Get-ServicePrincipalsWithRiskyPermissions\u003cProcess\u003e, C:\\Tools\\ScubaGear\\PowerShell\\ScubaGear\\Modules\\Providers\\ProviderHelpers\\AADRiskyPermissionsHelper.psm1: line 359\r\nat \u003cScriptBlock\u003e, C:\\Tools\\ScubaGear\\PowerShell\\ScubaGear\\Modules\\Providers\\ProviderHelpers\\CommandTracker.psm1: line 62\r\nat Trace-ScubaFunction, C:\\Tools\\ScubaGear\\PowerShell\\ScubaGear\\Modules\\Utility\\ScubaLogging.psm1: line 352\r\nat TryCommand, C:\\Tools\\ScubaGear\\PowerShell\\ScubaGear\\Modules\\Providers\\ProviderHelpers\\CommandTracker.psm1: line 61\r\nat TryCommand, C:\\Tools\\ScubaGear\\PowerShell\\ScubaGear\\Modules\\Providers\\ProviderHelpers\\CommandTracker.psm1: line 96\r\nat Export-AADProvider, C:\\Tools\\ScubaGear\\PowerShell\\ScubaGear\\Modules\\Providers\\ExportAADProvider.psm1: line 193\r\nat Invoke-ProviderList\u003cProcess\u003e, C:\\Tools\\ScubaGear\\PowerShell\\ScubaGear\\Modules\\Orchestrator.psm1: line 851\r\nat \u003cScriptBlock\u003e, C:\\Tools\\ScubaGear\\PowerShell\\ScubaGear\\Modules\\Orchestrator.psm1: line 609\r\nat Trace-ScubaFunction, C:\\Tools\\ScubaGear\\PowerShell\\ScubaGear\\Modules\\Utility\\ScubaLogging.psm1: line 352\r\nat Invoke-SCuBA\u003cProcess\u003e, C:\\Tools\\ScubaGear\\PowerShell\\ScubaGear\\Modules\\Orchestrator.psm1: line 602\r\nat \u003cScriptBlock\u003e, \u003cNo file\u003e: line 1"}
[2026-06-13 10:50:25.783] [Debug  ] [FunctionTrace       ] ENTER: Get-LegacyExchangeServicePrincipal
[2026-06-13 10:50:25.899] [Info   ] [TryCommand          ] Error running command
    Data: {"Error":"Response status code does not indicate success: BadRequest (Bad Request).","Command":"Get-LegacyExchangeServicePrincipal","StackTrace":"at Invoke-GraphDirectly, C:\\Tools\\ScubaGear\\PowerShell\\ScubaGear\\Modules\\Utility\\Utility.psm1: line 257\r\nat Get-LegacyExchangeServicePrincipal\u003cProcess\u003e, C:\\Tools\\ScubaGear\\PowerShell\\ScubaGear\\Modules\\Providers\\ProviderHelpers\\AADHybridExchangeHelper.psm1: line 72\r\nat \u003cScriptBlock\u003e, C:\\Tools\\ScubaGear\\PowerShell\\ScubaGear\\Modules\\Providers\\ProviderHelpers\\CommandTracker.psm1: line 62\r\nat Trace-ScubaFunction, C:\\Tools\\ScubaGear\\PowerShell\\ScubaGear\\Modules\\Utility\\ScubaLogging.psm1: line 352\r\nat TryCommand, C:\\Tools\\ScubaGear\\PowerShell\\ScubaGear\\Modules\\Providers\\ProviderHelpers\\CommandTracker.psm1: line 61\r\nat TryCommand, C:\\Tools\\ScubaGear\\PowerShell\\ScubaGear\\Modules\\Providers\\ProviderHelpers\\CommandTracker.psm1: line 96\r\nat Export-AADProvider, C:\\Tools\\ScubaGear\\PowerShell\\ScubaGear\\Modules\\Providers\\ExportAADProvider.psm1: line 241\r\nat Invoke-ProviderList\u003cProcess\u003e, C:\\Tools\\ScubaGear\\PowerShell\\ScubaGear\\Modules\\Orchestrator.psm1: line 851\r\nat \u003cScriptBlock\u003e, C:\\Tools\\ScubaGear\\PowerShell\\ScubaGear\\Modules\\Orchestrator.psm1: line 609\r\nat Trace-ScubaFunction, C:\\Tools\\ScubaGear\\PowerShell\\ScubaGear\\Modules\\Utility\\ScubaLogging.psm1: line 352\r\nat Invoke-SCuBA\u003cProcess\u003e, C:\\Tools\\ScubaGear\\PowerShell\\ScubaGear\\Modules\\Orchestrator.psm1: line 602\r\nat \u003cScriptBlock\u003e, \u003cNo file\u003e: line 1"}
[2026-06-13 10:50:25.899] [Debug  ] [FunctionTrace       ] ENTER: Get-DedicatedExchangeHybridApplications
[2026-06-13 10:50:25.916] [Info   ] [FunctionTrace       ] EXIT: Get-DedicatedExchangeHybridApplications
    Data: {"Status":"Success","ExecutionTimeMs":9}
[2026-06-13 10:50:25.916] [Debug  ] [ProviderList        ] Provider export succeeded: AAD
    Data: {"Product":"aad"}
[2026-06-13 10:50:25.940] [Info   ] [FunctionTrace       ] EXIT: Invoke-ProviderList
    Data: {"Status":"Success","ExecutionTimeMs":2836}
[2026-06-13 10:50:25.940] [Info   ] [InvokeScuba         ] Starting OPA Rego evaluation...
    Data: {"ProductNames":"aad","OPAPath":"C:\\Users\\claud\\.scubagear\\Tools"}
[2026-06-13 10:50:25.952] [Debug  ] [FunctionTrace       ] ENTER: Invoke-RunRego
    Data: {"OutFolderPath":"C:\\dev\\scuba-poc\\scuba-output\\M365BaselineConformance_2026_06_13_10_49_58","ScubaConfig":"[ScubaConfig Object]","ParentPath":"C:\\Tools\\ScubaGear\\PowerShell\\ScubaGear"}
[2026-06-13 10:50:25.984] [Debug  ] [RunRego             ] Starting Rego evaluation: AAD
    Data: {"RegoFile":"C:\\Tools\\ScubaGear\\PowerShell\\ScubaGear\\Rego\\AADConfig.rego","RegoExists":true,"Product":"aad","InputExists":true,"OPAPath":"C:\\Users\\claud\\.scubagear\\Tools","InputFile":"C:\\dev\\scuba-poc\\scuba-output\\M365BaselineConformance_2026_06_13_10_49_58\\ProviderSettingsExport.json"}
[2026-06-13 10:50:26.273] [Debug  ] [RunRego             ] Rego evaluation succeeded: AAD
    Data: {"Product":"aad"}
[2026-06-13 10:50:26.283] [Info   ] [FunctionTrace       ] EXIT: Invoke-RunRego
    Data: {"Status":"Success","ExecutionTimeMs":329}
[2026-06-13 10:50:26.287] [Info   ] [InvokeScuba         ] Starting report creation...
    Data: {"DarkMode":false,"KeepIndividualJSON":false,"Quiet":false}
[2026-06-13 10:50:26.291] [Debug  ] [FunctionTrace       ] ENTER: Invoke-ReportCreation
    Data: {"OutFolderPath":"C:\\dev\\scuba-poc\\scuba-output\\M365BaselineConformance_2026_06_13_10_49_58","ModuleVersion":"1.8.0","TenantDetails":"[TenantDetails Object]","ScubaConfig":"[ScubaConfig Object]","Quiet":{"IsPresent":false},"DarkMode":{"IsPresent":false}}
[2026-06-13 10:50:26.439] [Error  ] [CreateReport        ] Fatal error in report creation
    Data: {"Error":"Invalid JSON primitive: .","StackTrace":"at New-Report, C:\\Tools\\ScubaGear\\PowerShell\\ScubaGear\\Modules\\CreateReport\\CreateReport.psm1: line 202\r\nat Invoke-ReportCreation\u003cProcess\u003e, C:\\Tools\\ScubaGear\\PowerShell\\ScubaGear\\Modules\\Orchestrator.psm1: line 1573\r\nat \u003cScriptBlock\u003e, C:\\Tools\\ScubaGear\\PowerShell\\ScubaGear\\Modules\\Orchestrator.psm1: line 668\r\nat Trace-ScubaFunction, C:\\Tools\\ScubaGear\\PowerShell\\ScubaGear\\Modules\\Utility\\ScubaLogging.psm1: line 352\r\nat Invoke-SCuBA\u003cProcess\u003e, C:\\Tools\\ScubaGear\\PowerShell\\ScubaGear\\Modules\\Orchestrator.psm1: line 660\r\nat \u003cScriptBlock\u003e, \u003cNo file\u003e: line 1"}
[2026-06-13 10:50:26.444] [Error  ] [FunctionTrace       ] EXIT: Invoke-ReportCreation (ERROR)
    Data: {"Status":"Error","ExecutionTimeMs":150,"ErrorType":"RuntimeException"}
    Exception: RuntimeException - Fatal Error involving the Report Creation. 
            Ending ScubaGear execution. Error: Invalid JSON primitive: ."
            
at New-Report, C:\Tools\ScubaGear\PowerShell\ScubaGear\Modules\CreateReport\CreateReport.psm1: line 202
at Invoke-ReportCreation<Process>, C:\Tools\ScubaGear\PowerShell\ScubaGear\Modules\Orchestrator.psm1: line 1573
at <ScriptBlock>, C:\Tools\ScubaGear\PowerShell\ScubaGear\Modules\Orchestrator.psm1: line 668
at Trace-ScubaFunction, C:\Tools\ScubaGear\PowerShell\ScubaGear\Modules\Utility\ScubaLogging.psm1: line 352
at Invoke-SCuBA<Process>, C:\Tools\ScubaGear\PowerShell\ScubaGear\Modules\Orchestrator.psm1: line 660
at <ScriptBlock>, <No file>: line 1
[2026-06-13 10:50:26.519] [Info   ] [InvokeScuba         ] ScubaGear assessment completed! Check report in [C:\dev\scuba-poc\scuba-output\M365BaselineConformance_2026_06_13_10_49_58]
[2026-06-13 10:50:26.524] [Info   ] [LoggingSystem       ] ScubaGear logging session ending
[2026-06-13 10:50:26.696] [Info   ] [Get-ScubaDebugLogReport] Applied 1 redaction rule(s) to report.
